<?xml version="1.0" encoding="UTF-8"?>
<!-- Generated by org.testng.reporters.JUnitXMLReporter -->
<testsuite ignored="0" hostname="QT-INBG-LT0810" failures="0" tests="4" name="Default test" time="8.873" errors="0" timestamp="2022-11-18T11:09:19 IST">
  <testcase classname="com.test.TestEndpoints" name="testPostUser" time="3.666"/>
  <testcase classname="com.test.TestEndpoints" name="testGetUserByName" time="1.154"/>
  <testcase classname="com.test.TestEndpoints" name="testUpdateUsernameByName" time="2.426"/>
  <testcase classname="com.test.TestEndpoints" name="testDeleteUsernameByName" time="1.364"/>
</testsuite> <!-- Default test -->
